<?xml version="1.0" encoding="UTF-8"?>
<testng-results ignored="0" total="1" passed="1" failed="0" skipped="0">
  <reporter-output>
  </reporter-output>
  <suite started-at="2022-08-04T22:48:43 IST" name="Default suite" finished-at="2022-08-04T22:49:18 IST" duration-ms="34737">
    <groups>
    </groups>
    <test started-at="2022-08-04T22:48:43 IST" name="Default test" finished-at="2022-08-04T22:49:18 IST" duration-ms="34737">
      <class name="com.SauceDemo.TestClasses.VerifyLogoutFunctionality">
        <test-method is-config="true" signature="BeforeTestClass()[pri:0, instance:com.SauceDemo.TestClasses.VerifyLogoutFunctionality@15aab8c6]" started-at="2022-08-04T22:48:43 IST" name="BeforeTestClass" finished-at="2022-08-04T22:49:03 IST" duration-ms="19439" status="PASS">
          <reporter-output>
          </reporter-output>
        </test-method> <!-- BeforeTestClass -->
        <test-method signature="VerifyLogoutFunctionality()[pri:0, instance:com.SauceDemo.TestClasses.VerifyLogoutFunctionality@15aab8c6]" started-at="2022-08-04T22:49:03 IST" name="VerifyLogoutFunctionality" finished-at="2022-08-04T22:49:18 IST" duration-ms="15150" status="PASS">
          <reporter-output>
          </reporter-output>
        </test-method> <!-- VerifyLogoutFunctionality -->
        <test-method is-config="true" signature="AfterTestAnnot()[pri:0, instance:com.SauceDemo.TestClasses.VerifyLogoutFunctionality@15aab8c6]" started-at="2022-08-04T22:49:18 IST" name="AfterTestAnnot" finished-at="2022-08-04T22:49:18 IST" duration-ms="125" status="PASS">
          <reporter-output>
          </reporter-output>
        </test-method> <!-- AfterTestAnnot -->
      </class> <!-- com.SauceDemo.TestClasses.VerifyLogoutFunctionality -->
    </test> <!-- Default test -->
  </suite> <!-- Default suite -->
</testng-results>
